<?xml version="1.0" encoding="UTF-8"?>
<!-- Generated by org.testng.reporters.JUnitXMLReporter -->
<testsuite ignored="0" hostname="Laxman-HP" failures="0" tests="3" name="Test" time="23.586" errors="0" timestamp="2020-05-15T08:46:22 CDT">
  <testcase classname="com.beth.demoProject1.TestClass1" name="test1" time="1.128"/>
  <testcase classname="com.beth.demoProject1.TestClass1" name="test2" time="0.912"/>
  <testcase classname="com.beth.demoProject1.TestClass1" name="test3" time="0.979"/>
</testsuite> <!-- Test -->
