<?xml version="1.0" encoding="UTF-8"?>
<!-- Generated by org.testng.reporters.JUnitXMLReporter -->
<testsuite ignored="0" hostname="Laxman-HP" failures="0" tests="3" name="Test" time="24.902" errors="0" timestamp="2020-05-15T08:51:34 CDT">
  <testcase classname="com.beth.demoProject1.TestClass1" name="test1" time="1.243"/>
  <testcase classname="com.beth.demoProject1.TestClass1" name="test2" time="1.416"/>
  <testcase classname="com.beth.demoProject1.TestClass1" name="test3" time="1.316"/>
</testsuite> <!-- Test -->
