<?xml version="1.0" encoding="UTF-8"?>
<testsuite xmlns:xsi="http://www.w3.org/2001/XMLSchema-instance" xsi:noNamespaceSchemaLocation="https://maven.apache.org/surefire/maven-surefire-plugin/xsd/surefire-test-report.xsd" name="TestSuite" time="25.744" tests="3" errors="0" skipped="0" failures="0">
  <properties>
[...]
</properties>
  <testcase name="test1" classname="com.beth.demoProject1.TestClass1" time="1.25"/>
  <testcase name="test2" classname="com.beth.demoProject1.TestClass1" time="1.407"/>
  <testcase name="test3" classname="com.beth.demoProject1.TestClass1" time="1.317"/>
</testsuite>