<?xml version="1.0" encoding="UTF-8"?>
<testng-results ignored="0" total="3" passed="3" failed="0" skipped="0">
  <reporter-output>
  </reporter-output>
  <suite started-at="2020-05-15T08:45:59 CDT" name="Suite" finished-at="2020-05-15T08:46:22 CDT" duration-ms="23586">
    <groups>
    </groups>
    <test started-at="2020-05-15T08:45:59 CDT" name="Test" finished-at="2020-05-15T08:46:22 CDT" duration-ms="23586">
      <class name="com.beth.demoProject1.TestClass1">
        <test-method is-config="true" signature="launchDriver()[pri:0, instance:com.beth.demoProject1.TestClass1@7a4ccb53]" started-at="2020-05-15T08:45:59 CDT" name="launchDriver" finished-at="2020-05-15T08:46:06 CDT" duration-ms="6653" status="PASS">
          <reporter-output>
          </reporter-output>
        </test-method> <!-- launchDriver -->
        <test-method signature="test1()[pri:0, instance:com.beth.demoProject1.TestClass1@7a4ccb53]" started-at="2020-05-15T08:46:06 CDT" name="test1" finished-at="2020-05-15T08:46:07 CDT" duration-ms="1128" status="PASS">
          <reporter-output>
          </reporter-output>
        </test-method> <!-- test1 -->
        <test-method is-config="true" signature="quit()[pri:0, instance:com.beth.demoProject1.TestClass1@7a4ccb53]" started-at="2020-05-15T08:46:07 CDT" name="quit" finished-at="2020-05-15T08:46:08 CDT" duration-ms="933" status="PASS">
          <reporter-output>
          </reporter-output>
        </test-method> <!-- quit -->
        <test-method is-config="true" signature="launchDriver()[pri:0, instance:com.beth.demoProject1.TestClass1@7a4ccb53]" started-at="2020-05-15T08:46:08 CDT" name="launchDriver" finished-at="2020-05-15T08:46:13 CDT" duration-ms="5532" status="PASS">
          <reporter-output>
          </reporter-output>
        </test-method> <!-- launchDriver -->
        <test-method signature="test2()[pri:0, instance:com.beth.demoProject1.TestClass1@7a4ccb53]" started-at="2020-05-15T08:46:13 CDT" name="test2" finished-at="2020-05-15T08:46:14 CDT" duration-ms="912" status="PASS">
          <reporter-output>
          </reporter-output>
        </test-method> <!-- test2 -->
        <test-method is-config="true" signature="quit()[pri:0, instance:com.beth.demoProject1.TestClass1@7a4ccb53]" started-at="2020-05-15T08:46:14 CDT" name="quit" finished-at="2020-05-15T08:46:15 CDT" duration-ms="795" status="PASS">
          <reporter-output>
          </reporter-output>
        </test-method> <!-- quit -->
        <test-method is-config="true" signature="launchDriver()[pri:0, instance:com.beth.demoProject1.TestClass1@7a4ccb53]" started-at="2020-05-15T08:46:15 CDT" name="launchDriver" finished-at="2020-05-15T08:46:20 CDT" duration-ms="5591" status="PASS">
          <reporter-output>
          </reporter-output>
        </test-method> <!-- launchDriver -->
        <test-method signature="test3()[pri:0, instance:com.beth.demoProject1.TestClass1@7a4ccb53]" started-at="2020-05-15T08:46:20 CDT" name="test3" finished-at="2020-05-15T08:46:21 CDT" duration-ms="979" status="PASS">
          <reporter-output>
          </reporter-output>
        </test-method> <!-- test3 -->
        <test-method is-config="true" signature="quit()[pri:0, instance:com.beth.demoProject1.TestClass1@7a4ccb53]" started-at="2020-05-15T08:46:21 CDT" name="quit" finished-at="2020-05-15T08:46:22 CDT" duration-ms="993" status="PASS">
          <reporter-output>
          </reporter-output>
        </test-method> <!-- quit -->
      </class> <!-- com.beth.demoProject1.TestClass1 -->
    </test> <!-- Test -->
  </suite> <!-- Suite -->
</testng-results>
